<?xml version="1.0" encoding="UTF-8"?>
<robot generator="Robot 7.2.2 (Python 3.13.5 on win32)" generated="2025-07-28T15:04:00.955023" rpa="false" schemaversion="5">
<suite id="s1" name="Testcasesm" source="C:\Users\mehme\Documents\cours\M1GL\exam-qa\qa_test\Lab2\testcases\testcasesm.robot">
<kw name="Ouvrir le navigateur" owner="commonm" type="SETUP">
<kw name="Open Browser" owner="SeleniumLibrary">
<msg time="2025-07-28T15:04:01.526078" level="INFO">Opening browser 'Edge' to base url 'https://automationplayground.com/crm/'.</msg>
<msg time="2025-07-28T15:04:02.060104" level="WARN">There was an error managing MicrosoftEdge (error sending request for url (https://msedgedriver.azureedge.net/LATEST_RELEASE_138_WINDOWS): error trying to connect: dns error: Hôte inconnu. (os error 11001)); using driver found in the cache</msg>
<arg>${BASE_URL}</arg>
<arg>Edge</arg>
<doc>Opens a new browser instance to the optional ``url``.</doc>
<status status="PASS" start="2025-07-28T15:04:01.525865" elapsed="4.623479"/>
</kw>
<kw name="Maximize Browser Window" owner="SeleniumLibrary">
<doc>Maximizes current browser window.</doc>
<status status="PASS" start="2025-07-28T15:04:06.161737" elapsed="0.041884"/>
</kw>
<status status="PASS" start="2025-07-28T15:04:01.525089" elapsed="4.678663"/>
</kw>
<test id="s1-t1" name="Should be able to log out" line="10">
<kw name="PRE-CONDITIONS" owner="commonm">
<kw name="Go To" owner="SeleniumLibrary">
<msg time="2025-07-28T15:04:06.207095" level="INFO">Opening url 'https://automationplayground.com/crm/'</msg>
<arg>${BASE_URL}</arg>
<doc>Navigates the current browser window to the provided ``url``.</doc>
<status status="PASS" start="2025-07-28T15:04:06.206879" elapsed="0.100930"/>
</kw>
<kw name="Sleep" owner="BuiltIn">
<msg time="2025-07-28T15:04:08.308566" level="INFO">Slept 2 seconds.</msg>
<arg>2</arg>
<doc>Pauses the test executed for the given time.</doc>
<status status="PASS" start="2025-07-28T15:04:06.307964" elapsed="2.000719"/>
</kw>
<kw name="Page Should Contain" owner="SeleniumLibrary">
<msg time="2025-07-28T15:04:08.327894" level="INFO">Current page contains text 'Customers Are Priority One!'.</msg>
<arg>text=${title_home_page}</arg>
<doc>Verifies that current page contains ``text``.</doc>
<status status="PASS" start="2025-07-28T15:04:08.308831" elapsed="0.019138"/>
</kw>
<kw name="Sleep" owner="BuiltIn">
<msg time="2025-07-28T15:04:10.328642" level="INFO">Slept 2 seconds.</msg>
<arg>2</arg>
<doc>Pauses the test executed for the given time.</doc>
<status status="PASS" start="2025-07-28T15:04:08.328124" elapsed="2.000700"/>
</kw>
<status status="PASS" start="2025-07-28T15:04:06.206535" elapsed="4.122448"/>
</kw>
<kw name="Click Login link" owner="commonm">
<kw name="Click Element" owner="SeleniumLibrary">
<msg time="2025-07-28T15:04:10.330806" level="INFO">Clicking element 'id=SignIn'.</msg>
<arg>${btnSignIn}</arg>
<doc>Click the element identified by ``locator``.</doc>
<status status="PASS" start="2025-07-28T15:04:10.330168" elapsed="0.619619"/>
</kw>
<kw name="Sleep" owner="BuiltIn">
<msg time="2025-07-28T15:04:12.950610" level="INFO">Slept 2 seconds.</msg>
<arg>2</arg>
<doc>Pauses the test executed for the given time.</doc>
<status status="PASS" start="2025-07-28T15:04:10.950023" elapsed="2.000779"/>
</kw>
<status status="PASS" start="2025-07-28T15:04:10.329710" elapsed="2.621260"/>
</kw>
<kw name="Type valid login credentials" owner="commonm">
<kw name="Input Text" owner="SeleniumLibrary">
<msg time="2025-07-28T15:04:12.953303" level="INFO">Typing text 'admin@robotframeworktutorial.com' into text field 'id=email-id'.</msg>
<arg>${inputEmailLogin}</arg>
<arg>${USERNAME}</arg>
<doc>Types the given ``text`` into the text field identified by ``locator``.</doc>
<status status="PASS" start="2025-07-28T15:04:12.952931" elapsed="0.151668"/>
</kw>
<kw name="Input Password" owner="SeleniumLibrary">
<msg time="2025-07-28T15:04:13.105181" level="INFO">Typing password into text field 'id=password'.</msg>
<msg time="2025-07-28T15:04:13.165575" level="INFO">Temporally setting log level to: NONE</msg>
<arg>${inputPasswordLogin}</arg>
<arg>${PASSWORD}</arg>
<doc>Types the given password into the text field identified by ``locator``.</doc>
<status status="PASS" start="2025-07-28T15:04:13.104768" elapsed="0.136351"/>
</kw>
<kw name="Sleep" owner="BuiltIn">
<msg time="2025-07-28T15:04:15.242177" level="INFO">Slept 2 seconds.</msg>
<arg>2</arg>
<doc>Pauses the test executed for the given time.</doc>
<status status="PASS" start="2025-07-28T15:04:13.241364" elapsed="2.001116"/>
</kw>
<status status="PASS" start="2025-07-28T15:04:12.952304" elapsed="2.290387"/>
</kw>
<kw name="Click Submit button" owner="commonm">
<kw name="Click Button" owner="SeleniumLibrary">
<msg time="2025-07-28T15:04:15.245251" level="INFO">Clicking button 'name=submit-name'.</msg>
<arg>${submitLogin}</arg>
<doc>Clicks the button identified by ``locator``.</doc>
<status status="PASS" start="2025-07-28T15:04:15.244915" elapsed="0.874829"/>
</kw>
<kw name="Sleep" owner="BuiltIn">
<msg time="2025-07-28T15:04:18.120436" level="INFO">Slept 2 seconds.</msg>
<arg>2</arg>
<doc>Pauses the test executed for the given time.</doc>
<status status="PASS" start="2025-07-28T15:04:16.119892" elapsed="2.000827"/>
</kw>
<status status="PASS" start="2025-07-28T15:04:15.244401" elapsed="2.876535"/>
</kw>
<kw name="Logout" owner="commonm">
<kw name="Click Element" owner="SeleniumLibrary">
<msg time="2025-07-28T15:04:18.123991" level="INFO">Clicking element 'xpath=/html/body/nav/ul/li/a'.</msg>
<arg>${xpathSignOut}</arg>
<doc>Click the element identified by ``locator``.</doc>
<status status="PASS" start="2025-07-28T15:04:18.123359" elapsed="0.655942"/>
</kw>
<kw name="Sleep" owner="BuiltIn">
<msg time="2025-07-28T15:04:20.781004" level="INFO">Slept 2 seconds.</msg>
<arg>2</arg>
<doc>Pauses the test executed for the given time.</doc>
<status status="PASS" start="2025-07-28T15:04:18.779697" elapsed="2.001583"/>
</kw>
<kw name="Page Should Contain" owner="SeleniumLibrary">
<msg time="2025-07-28T15:04:20.793969" level="INFO">Current page contains text 'Signed Out'.</msg>
<arg>text=${title_signOut}</arg>
<doc>Verifies that current page contains ``text``.</doc>
<status status="PASS" start="2025-07-28T15:04:20.781659" elapsed="0.012400"/>
</kw>
<kw name="Sleep" owner="BuiltIn">
<msg time="2025-07-28T15:04:22.795138" level="INFO">Slept 2 seconds.</msg>
<arg>2</arg>
<doc>Pauses the test executed for the given time.</doc>
<status status="PASS" start="2025-07-28T15:04:20.794217" elapsed="2.001189"/>
</kw>
<status status="PASS" start="2025-07-28T15:04:18.122768" elapsed="4.672840"/>
</kw>
<doc>Vérifie que l'utilisateur peut se déconnecter avec succès.</doc>
<tag>Functional</tag>
<status status="PASS" start="2025-07-28T15:04:06.205493" elapsed="16.591061"/>
</test>
<test id="s1-t2" name="Customers page should display multiple customers" line="19">
<kw name="PRE-CONDITIONS" owner="commonm">
<kw name="Go To" owner="SeleniumLibrary">
<msg time="2025-07-28T15:04:22.801181" level="INFO">Opening url 'https://automationplayground.com/crm/'</msg>
<arg>${BASE_URL}</arg>
<doc>Navigates the current browser window to the provided ``url``.</doc>
<status status="PASS" start="2025-07-28T15:04:22.800941" elapsed="0.117410"/>
</kw>
<kw name="Sleep" owner="BuiltIn">
<msg time="2025-07-28T15:04:24.919912" level="INFO">Slept 2 seconds.</msg>
<arg>2</arg>
<doc>Pauses the test executed for the given time.</doc>
<status status="PASS" start="2025-07-28T15:04:22.918612" elapsed="2.001602"/>
</kw>
<kw name="Page Should Contain" owner="SeleniumLibrary">
<msg time="2025-07-28T15:04:24.943609" level="INFO">Current page contains text 'Customers Are Priority One!'.</msg>
<arg>text=${title_home_page}</arg>
<doc>Verifies that current page contains ``text``.</doc>
<status status="PASS" start="2025-07-28T15:04:24.920568" elapsed="0.023140"/>
</kw>
<kw name="Sleep" owner="BuiltIn">
<msg time="2025-07-28T15:04:26.944681" level="INFO">Slept 2 seconds.</msg>
<arg>2</arg>
<doc>Pauses the test executed for the given time.</doc>
<status status="PASS" start="2025-07-28T15:04:24.943848" elapsed="2.001121"/>
</kw>
<status status="PASS" start="2025-07-28T15:04:22.800454" elapsed="4.144998"/>
</kw>
<kw name="Click Login link" owner="commonm">
<kw name="Click Element" owner="SeleniumLibrary">
<msg time="2025-07-28T15:04:26.947659" level="INFO">Clicking element 'id=SignIn'.</msg>
<arg>${btnSignIn}</arg>
<doc>Click the element identified by ``locator``.</doc>
<status status="PASS" start="2025-07-28T15:04:26.947223" elapsed="0.214798"/>
</kw>
<kw name="Sleep" owner="BuiltIn">
<msg time="2025-07-28T15:04:29.164971" level="INFO">Slept 2 seconds.</msg>
<arg>2</arg>
<doc>Pauses the test executed for the given time.</doc>
<status status="PASS" start="2025-07-28T15:04:27.162154" elapsed="2.003001"/>
</kw>
<status status="PASS" start="2025-07-28T15:04:26.946390" elapsed="2.219072"/>
</kw>
<kw name="Type valid login credentials" owner="commonm">
<kw name="Input Text" owner="SeleniumLibrary">
<msg time="2025-07-28T15:04:29.168425" level="INFO">Typing text 'admin@robotframeworktutorial.com' into text field 'id=email-id'.</msg>
<arg>${inputEmailLogin}</arg>
<arg>${USERNAME}</arg>
<doc>Types the given ``text`` into the text field identified by ``locator``.</doc>
<status status="PASS" start="2025-07-28T15:04:29.167573" elapsed="0.122117"/>
</kw>
<kw name="Input Password" owner="SeleniumLibrary">
<msg time="2025-07-28T15:04:29.290901" level="INFO">Typing password into text field 'id=password'.</msg>
<msg time="2025-07-28T15:04:29.346495" level="INFO">Temporally setting log level to: NONE</msg>
<arg>${inputPasswordLogin}</arg>
<arg>${PASSWORD}</arg>
<doc>Types the given password into the text field identified by ``locator``.</doc>
<status status="PASS" start="2025-07-28T15:04:29.290118" elapsed="0.136642"/>
</kw>
<kw name="Sleep" owner="BuiltIn">
<msg time="2025-07-28T15:04:31.428201" level="INFO">Slept 2 seconds.</msg>
<arg>2</arg>
<doc>Pauses the test executed for the given time.</doc>
<status status="PASS" start="2025-07-28T15:04:29.427059" elapsed="2.001350"/>
</kw>
<status status="PASS" start="2025-07-28T15:04:29.166595" elapsed="2.261990"/>
</kw>
<kw name="Click Submit button" owner="commonm">
<kw name="Click Button" owner="SeleniumLibrary">
<msg time="2025-07-28T15:04:31.431403" level="INFO">Clicking button 'name=submit-name'.</msg>
<arg>${submitLogin}</arg>
<doc>Clicks the button identified by ``locator``.</doc>
<status status="PASS" start="2025-07-28T15:04:31.431047" elapsed="0.220006"/>
</kw>
<kw name="Sleep" owner="BuiltIn">
<msg time="2025-07-28T15:04:33.652353" level="INFO">Slept 2 seconds.</msg>
<arg>2</arg>
<doc>Pauses the test executed for the given time.</doc>
<status status="PASS" start="2025-07-28T15:04:31.651236" elapsed="2.001386"/>
</kw>
<status status="PASS" start="2025-07-28T15:04:31.430588" elapsed="2.222227"/>
</kw>
<kw name="Examine customers grid for multiple records" owner="commonm">
<kw name="Element Should Be Visible" owner="SeleniumLibrary">
<msg time="2025-07-28T15:04:33.690535" level="INFO">Element 'xpath=/html/body/div/div/nav/ul/li[2]' is displayed.</msg>
<arg>xpath=/html/body/div/div/nav/ul/li[2]</arg>
<doc>Verifies that the element identified by ``locator`` is visible.</doc>
<status status="PASS" start="2025-07-28T15:04:33.654610" elapsed="0.036032"/>
</kw>
<kw name="Page Should Contain" owner="SeleniumLibrary">
<msg time="2025-07-28T15:04:33.699923" level="INFO">Current page contains text 'Our Happy Customers'.</msg>
<arg>text=${title_customer_list}</arg>
<doc>Verifies that current page contains ``text``.</doc>
<status status="PASS" start="2025-07-28T15:04:33.690828" elapsed="0.009200"/>
</kw>
<kw name="Sleep" owner="BuiltIn">
<msg time="2025-07-28T15:04:35.700798" level="INFO">Slept 2 seconds.</msg>
<arg>2</arg>
<doc>Pauses the test executed for the given time.</doc>
<status status="PASS" start="2025-07-28T15:04:33.700183" elapsed="2.000827"/>
</kw>
<status status="PASS" start="2025-07-28T15:04:33.653677" elapsed="2.047514"/>
</kw>
<kw name="Log To Console" owner="BuiltIn">
<arg>Customers grid est visible avec plusieurs enregistrements</arg>
<doc>Logs the given message to the console.</doc>
<status status="PASS" start="2025-07-28T15:04:35.702242" elapsed="0.001255"/>
</kw>
<doc>Vérifie que la page des clients affiche plusieurs enregistrements.</doc>
<tag>smoke</tag>
<status status="PASS" start="2025-07-28T15:04:22.799277" elapsed="12.905234"/>
</test>
<test id="s1-t3" name="Should be able to add new customer" line="30">
<kw name="Click New Customer button" owner="commonm">
<kw name="Click Element" owner="SeleniumLibrary">
<msg time="2025-07-28T15:04:35.708407" level="INFO">Clicking element 'id=new-customer'.</msg>
<arg>${btn_newCustomer}</arg>
<doc>Click the element identified by ``locator``.</doc>
<status status="PASS" start="2025-07-28T15:04:35.708022" elapsed="0.586140"/>
</kw>
<kw name="Page Should Contain" owner="SeleniumLibrary">
<msg time="2025-07-28T15:04:36.313161" level="INFO">Current page contains text 'Add Customer'.</msg>
<arg>text=${title_newCustomer}</arg>
<doc>Verifies that current page contains ``text``.</doc>
<status status="PASS" start="2025-07-28T15:04:36.294328" elapsed="0.018913"/>
</kw>
<kw name="Sleep" owner="BuiltIn">
<msg time="2025-07-28T15:04:38.314420" level="INFO">Slept 2 seconds.</msg>
<arg>2</arg>
<doc>Pauses the test executed for the given time.</doc>
<status status="PASS" start="2025-07-28T15:04:36.313370" elapsed="2.001316"/>
</kw>
<status status="PASS" start="2025-07-28T15:04:35.707552" elapsed="2.607398"/>
</kw>
<kw name="Type customer email" owner="commonm">
<kw name="Input Text" owner="SeleniumLibrary">
<msg time="2025-07-28T15:04:38.317586" level="INFO">Typing text 'customer@example.com' into text field 'id=EmailAddress'.</msg>
<arg>${new_email}</arg>
<arg>${EMAIL_CUSTOMER}</arg>
<doc>Types the given ``text`` into the text field identified by ``locator``.</doc>
<status status="PASS" start="2025-07-28T15:04:38.317032" elapsed="0.146552"/>
</kw>
<kw name="Sleep" owner="BuiltIn">
<msg time="2025-07-28T15:04:39.464639" level="INFO">Slept 1 second.</msg>
<arg>1</arg>
<doc>Pauses the test executed for the given time.</doc>
<status status="PASS" start="2025-07-28T15:04:38.463875" elapsed="1.000911"/>
</kw>
<status status="PASS" start="2025-07-28T15:04:38.315966" elapsed="1.148949"/>
</kw>
<kw name="Type customer first name" owner="commonm">
<kw name="Input Text" owner="SeleniumLibrary">
<msg time="2025-07-28T15:04:39.466259" level="INFO">Typing text 'John' into text field 'id=FirstName'.</msg>
<arg>${new_first_name}</arg>
<arg>${FIRST_NAME}</arg>
<doc>Types the given ``text`` into the text field identified by ``locator``.</doc>
<status status="PASS" start="2025-07-28T15:04:39.465940" elapsed="0.122709"/>
</kw>
<kw name="Sleep" owner="BuiltIn">
<msg time="2025-07-28T15:04:40.590029" level="INFO">Slept 1 second.</msg>
<arg>1</arg>
<doc>Pauses the test executed for the given time.</doc>
<status status="PASS" start="2025-07-28T15:04:39.589153" elapsed="1.001146"/>
</kw>
<status status="PASS" start="2025-07-28T15:04:39.465499" elapsed="1.125095"/>
</kw>
<kw name="Type customer last name" owner="commonm">
<kw name="Input Text" owner="SeleniumLibrary">
<msg time="2025-07-28T15:04:40.592796" level="INFO">Typing text 'Doe' into text field 'id=LastName'.</msg>
<arg>${new_last_name}</arg>
<arg>${LAST_NAME}</arg>
<doc>Types the given ``text`` into the text field identified by ``locator``.</doc>
<status status="PASS" start="2025-07-28T15:04:40.592366" elapsed="0.220318"/>
</kw>
<kw name="Sleep" owner="BuiltIn">
<msg time="2025-07-28T15:04:41.813703" level="INFO">Slept 1 second.</msg>
<arg>1</arg>
<doc>Pauses the test executed for the given time.</doc>
<status status="PASS" start="2025-07-28T15:04:40.813045" elapsed="1.000857"/>
</kw>
<status status="PASS" start="2025-07-28T15:04:40.591729" elapsed="1.222368"/>
</kw>
<kw name="Type customer city" owner="commonm">
<kw name="Input Text" owner="SeleniumLibrary">
<msg time="2025-07-28T15:04:41.815856" level="INFO">Typing text 'New York' into text field 'id=City'.</msg>
<arg>${new_city}</arg>
<arg>${CITY}</arg>
<doc>Types the given ``text`` into the text field identified by ``locator``.</doc>
<status status="PASS" start="2025-07-28T15:04:41.815469" elapsed="0.209797"/>
</kw>
<kw name="Sleep" owner="BuiltIn">
<msg time="2025-07-28T15:04:43.026803" level="INFO">Slept 1 second.</msg>
<arg>1</arg>
<doc>Pauses the test executed for the given time.</doc>
<status status="PASS" start="2025-07-28T15:04:42.025628" elapsed="1.001820"/>
</kw>
<status status="PASS" start="2025-07-28T15:04:41.814834" elapsed="1.213681"/>
</kw>
<kw name="Select customer state" owner="commonm">
<kw name="Select From List By Value" owner="SeleniumLibrary">
<msg time="2025-07-28T15:04:43.031224" level="INFO">Selecting options from selection list 'id=StateOrRegion' by value CA.</msg>
<arg>${new_state}</arg>
<arg>${STATE}</arg>
<doc>Selects options from selection list ``locator`` by ``values``.</doc>
<status status="PASS" start="2025-07-28T15:04:43.030768" elapsed="0.106201"/>
</kw>
<kw name="Sleep" owner="BuiltIn">
<msg time="2025-07-28T15:04:44.137860" level="INFO">Slept 1 second.</msg>
<arg>1</arg>
<doc>Pauses the test executed for the given time.</doc>
<status status="PASS" start="2025-07-28T15:04:43.137103" elapsed="1.000955"/>
</kw>
<status status="PASS" start="2025-07-28T15:04:43.030329" elapsed="1.107910"/>
</kw>
<kw name="Select customer gender" owner="commonm">
<kw name="Click Element" owner="SeleniumLibrary">
<msg time="2025-07-28T15:04:44.140754" level="INFO">Clicking element '//*[@id="loginform"]/div/div/div/div/form/div[6]/input[1]'.</msg>
<arg>${xpath_gender}</arg>
<doc>Click the element identified by ``locator``.</doc>
<status status="PASS" start="2025-07-28T15:04:44.140419" elapsed="0.143402"/>
</kw>
<kw name="Sleep" owner="BuiltIn">
<msg time="2025-07-28T15:04:45.284891" level="INFO">Slept 1 second.</msg>
<arg>1</arg>
<doc>Pauses the test executed for the given time.</doc>
<status status="PASS" start="2025-07-28T15:04:44.283971" elapsed="1.001107"/>
</kw>
<status status="PASS" start="2025-07-28T15:04:44.139924" elapsed="1.145305"/>
</kw>
<kw name="Optionally check promotion checkbox" owner="commonm">
<kw name="Click Element" owner="SeleniumLibrary">
<msg time="2025-07-28T15:04:45.287652" level="INFO">Clicking element 'name=promos-name'.</msg>
<arg>${name_promotion}</arg>
<doc>Click the element identified by ``locator``.</doc>
<status status="PASS" start="2025-07-28T15:04:45.287365" elapsed="0.118931"/>
</kw>
<kw name="Sleep" owner="BuiltIn">
<msg time="2025-07-28T15:04:46.407637" level="INFO">Slept 1 second.</msg>
<arg>1</arg>
<doc>Pauses the test executed for the given time.</doc>
<status status="PASS" start="2025-07-28T15:04:45.406442" elapsed="1.001543"/>
</kw>
<status status="PASS" start="2025-07-28T15:04:45.286870" elapsed="1.121359"/>
</kw>
<kw name="Click Save Customer button" owner="commonm">
<kw name="Click Element" owner="SeleniumLibrary">
<msg time="2025-07-28T15:04:46.411647" level="INFO">Clicking element 'xpath=//*[@id="loginform"]/div/div/div/div/form/button'.</msg>
<arg>${submit_new_customer}</arg>
<doc>Click the element identified by ``locator``.</doc>
<status status="PASS" start="2025-07-28T15:04:46.411238" elapsed="0.644998"/>
</kw>
<kw name="Sleep" owner="BuiltIn">
<msg time="2025-07-28T15:04:49.057477" level="INFO">Slept 2 seconds.</msg>
<arg>2</arg>
<doc>Pauses the test executed for the given time.</doc>
<status status="PASS" start="2025-07-28T15:04:47.056373" elapsed="2.001336"/>
</kw>
<kw name="Page Should Contain" owner="SeleniumLibrary">
<msg time="2025-07-28T15:04:49.071722" level="INFO">Current page contains text 'Success! New customer added.'.</msg>
<arg>text=${title_customer_added}</arg>
<doc>Verifies that current page contains ``text``.</doc>
<status status="PASS" start="2025-07-28T15:04:49.058069" elapsed="0.013751"/>
</kw>
<kw name="Sleep" owner="BuiltIn">
<msg time="2025-07-28T15:04:51.073124" level="INFO">Slept 2 seconds.</msg>
<arg>2</arg>
<doc>Pauses the test executed for the given time.</doc>
<status status="PASS" start="2025-07-28T15:04:49.071977" elapsed="2.001365"/>
</kw>
<status status="PASS" start="2025-07-28T15:04:46.410724" elapsed="4.662823"/>
</kw>
<doc>Vérifie que l'utilisateur peut ajouter un nouveau client avec succès.</doc>
<tag>smoke</tag>
<status status="PASS" start="2025-07-28T15:04:35.706342" elapsed="15.368619"/>
</test>
<test id="s1-t4" name="Should be able to cancel adding new customer" line="47">
<kw name="Click New Customer button" owner="commonm">
<kw name="Click Element" owner="SeleniumLibrary">
<msg time="2025-07-28T15:04:51.078894" level="INFO">Clicking element 'id=new-customer'.</msg>
<arg>${btn_newCustomer}</arg>
<doc>Click the element identified by ``locator``.</doc>
<status status="PASS" start="2025-07-28T15:04:51.078495" elapsed="0.363446"/>
</kw>
<kw name="Page Should Contain" owner="SeleniumLibrary">
<msg time="2025-07-28T15:04:51.458241" level="INFO">Current page contains text 'Add Customer'.</msg>
<arg>text=${title_newCustomer}</arg>
<doc>Verifies that current page contains ``text``.</doc>
<status status="PASS" start="2025-07-28T15:04:51.442139" elapsed="0.016183"/>
</kw>
<kw name="Sleep" owner="BuiltIn">
<msg time="2025-07-28T15:04:53.459358" level="INFO">Slept 2 seconds.</msg>
<arg>2</arg>
<doc>Pauses the test executed for the given time.</doc>
<status status="PASS" start="2025-07-28T15:04:51.458452" elapsed="2.001246"/>
</kw>
<status status="PASS" start="2025-07-28T15:04:51.077917" elapsed="2.382037"/>
</kw>
<kw name="Click Element" owner="SeleniumLibrary">
<msg time="2025-07-28T15:04:53.462375" level="INFO">Clicking element 'xpath=//*[@id="loginform"]/div/div/div/div/form/a'.</msg>
<arg>${btn_cancelNewCustomer}</arg>
<doc>Click the element identified by ``locator``.</doc>
<status status="PASS" start="2025-07-28T15:04:53.461834" elapsed="0.321633"/>
</kw>
<kw name="Sleep" owner="BuiltIn">
<msg time="2025-07-28T15:04:55.785073" level="INFO">Slept 2 seconds.</msg>
<arg>2</arg>
<doc>Pauses the test executed for the given time.</doc>
<status status="PASS" start="2025-07-28T15:04:53.783859" elapsed="2.001461"/>
</kw>
<kw name="Page Should Contain" owner="SeleniumLibrary">
<msg time="2025-07-28T15:04:55.805085" level="INFO">Current page contains text 'Our Happy Customers'.</msg>
<arg>text=${title_customer_list}</arg>
<doc>Verifies that current page contains ``text``.</doc>
<status status="PASS" start="2025-07-28T15:04:55.787151" elapsed="0.018074"/>
</kw>
<doc>Vérifie que l'utilisateur peut annuler l'ajout d'un nouveau client.</doc>
<tag>Functional</tag>
<status status="PASS" start="2025-07-28T15:04:51.076640" elapsed="4.728959"/>
</test>
<kw name="Close All Browsers" owner="SeleniumLibrary" type="TEARDOWN">
<doc>Closes all open browsers and resets the browser cache.</doc>
<status status="PASS" start="2025-07-28T15:04:55.807175" elapsed="6.378913"/>
</kw>
<status status="PASS" start="2025-07-28T15:04:00.956448" elapsed="61.229734"/>
</suite>
<statistics>
<total>
<stat pass="4" fail="0" skip="0">All Tests</stat>
</total>
<tag>
<stat pass="2" fail="0" skip="0">Functional</stat>
<stat pass="2" fail="0" skip="0">smoke</stat>
</tag>
<suite>
<stat name="Testcasesm" id="s1" pass="4" fail="0" skip="0">Testcasesm</stat>
</suite>
</statistics>
<errors>
<msg time="2025-07-28T15:04:02.060104" level="WARN">There was an error managing MicrosoftEdge (error sending request for url (https://msedgedriver.azureedge.net/LATEST_RELEASE_138_WINDOWS): error trying to connect: dns error: Hôte inconnu. (os error 11001)); using driver found in the cache</msg>
</errors>
</robot>
