<?xml version="1.0" encoding="UTF-8"?>
<robot generator="Robot 7.2.2 (Python 3.12.0 on win32)" generated="2025-08-03T13:32:28.864493" rpa="false" schemaversion="5">
<suite id="s1" name="fakestore api testsF" source="C:\Users\Abdou Fatah Ndiaye\Desktop\QA_TEST\qa_test\lab1\testcases\fakestore_api_testsF.robot">
<test id="s1-t1" name="Create Product - Success" line="9">
<kw name="Delete Product - Fail Invalid ID" owner="fakestore_keywordsF">
<kw name="Run Keyword And Expect Error" owner="BuiltIn">
<kw name="Evaluate" owner="BuiltIn">
<msg time="2025-08-03T13:32:30.399537" level="FAIL">Evaluating expression '__import__(\'bson\').ObjectId("id_invalide")' failed: InvalidId: 'id_invalide' is not a valid ObjectId, it must be a 12-byte input or a 24-character hex string</msg>
<arg>__import__('bson').ObjectId("id_invalide")</arg>
<arg>modules=bson</arg>
<doc>Evaluates the given expression in Python and returns the result.</doc>
<status status="FAIL" start="2025-08-03T13:32:30.399537" elapsed="0.000553">Evaluating expression '__import__(\'bson\').ObjectId("id_invalide")' failed: InvalidId: 'id_invalide' is not a valid ObjectId, it must be a 12-byte input or a 24-character hex string</status>
</kw>
<arg>*is not a valid ObjectId*</arg>
<arg>Evaluate</arg>
<arg>__import__('bson').ObjectId("id_invalide")</arg>
<arg>modules=bson</arg>
<doc>Runs the keyword and checks that the expected error occurred.</doc>
<status status="PASS" start="2025-08-03T13:32:30.399001" elapsed="0.001637"/>
</kw>
<kw name="Log To Console" owner="BuiltIn">
<arg>✅ Erreur attendue capturée : ID invalide pour suppression</arg>
<doc>Logs the given message to the console.</doc>
<status status="PASS" start="2025-08-03T13:32:30.401316" elapsed="0.000553"/>
</kw>
<status status="PASS" start="2025-08-03T13:32:30.397352" elapsed="0.004517"/>
</kw>
<status status="PASS" start="2025-08-03T13:32:30.396249" elapsed="0.006314"/>
</test>
<status status="PASS" start="2025-08-03T13:32:28.868502" elapsed="1.535298"/>
</suite>
<statistics>
<total>
<stat pass="1" fail="0" skip="0">All Tests</stat>
</total>
<tag>
</tag>
<suite>
<stat name="fakestore api testsF" id="s1" pass="1" fail="0" skip="0">fakestore api testsF</stat>
</suite>
</statistics>
<errors>
</errors>
</robot>
