<?xml version="1.0" encoding="UTF-8"?>
<robot generator="Robot 7.2.2 (Python 3.12.0 on win32)" generated="2025-07-31T16:55:07.751004" rpa="false" schemaversion="5">
<suite id="s1" name="Mobile" source="C:\Users\Abdou Fatah Ndiaye\Desktop\QA_TEST\qa_test\Lab4\testcases\mobile.robot">
<kw name="Run Keyword" owner="BuiltIn" type="SETUP">
<kw name="Open Application MyApp" owner="common">
<kw name="Open Application" owner="AppiumLibrary">
<arg>${REMOTE_URL}</arg>
<arg>platformName=${PLATFORM_NAME}</arg>
<arg>deviceName=${DEVICE_NAME}</arg>
<arg>automationName=${AUTOMATION_NAME}</arg>
<arg>appPackage=${APP_PACKAGE}</arg>
<arg>appActivity=${APP_ACTIVITY}</arg>
<arg>noReset=true</arg>
<doc>Opens a new application to given Appium server.
Capabilities of appium server, Android and iOS,
Please check https://appium.io/docs/en/2.1/cli/args/
| *Option*            | *Man.* | *Description*     |
| remote_url          | Yes    | Appium server url |
| alias               | no     | alias             |
| strict_ssl          | No     | allows you to send commands to an invalid certificate host like a self-signed one. |</doc>
<status status="PASS" start="2025-07-31T16:55:08.186537" elapsed="6.919673"/>
</kw>
<status status="PASS" start="2025-07-31T16:55:08.185536" elapsed="6.921675"/>
</kw>
<arg>Open Application MyApp</arg>
<doc>Executes the given keyword with the given arguments.</doc>
<status status="PASS" start="2025-07-31T16:55:08.185536" elapsed="6.921675"/>
</kw>
<test id="s1-t1" name="Open Application and Login" line="12">
<kw name="Enter username" owner="common">
<kw name="Wait Until Element Is Visible" owner="AppiumLibrary">
<arg>${USERNAMES}</arg>
<arg>5</arg>
<doc>Waits until element specified with `locator` is visible.</doc>
<status status="PASS" start="2025-07-31T16:55:15.112303" elapsed="1.170325"/>
</kw>
<kw name="Click Element" owner="AppiumLibrary">
<msg time="2025-07-31T16:55:16.289165" level="INFO">Clicking element 'android=new UiSelector().className("android.widget.EditText").instance(0)'.</msg>
<arg>${USERNAMES}</arg>
<doc>Click element identified by `locator`.</doc>
<status status="PASS" start="2025-07-31T16:55:16.282628" elapsed="0.312634"/>
</kw>
<kw name="Input Text" owner="AppiumLibrary">
<msg time="2025-07-31T16:55:16.602789" level="INFO">Typing text 'johnd' into text field 'android=new UiSelector().className("android.widget.EditText").instance(0)'</msg>
<arg>${USERNAMES}</arg>
<arg>johnd</arg>
<doc>Types the given `text` into text field identified by `locator`.</doc>
<status status="PASS" start="2025-07-31T16:55:16.595262" elapsed="0.649991"/>
</kw>
<status status="PASS" start="2025-07-31T16:55:15.111290" elapsed="2.133963"/>
</kw>
<kw name="Enter password" owner="common">
<kw name="Wait Until Element Is Visible" owner="AppiumLibrary">
<arg>${PASSWORDS}</arg>
<arg>5</arg>
<doc>Waits until element specified with `locator` is visible.</doc>
<status status="PASS" start="2025-07-31T16:55:17.247181" elapsed="1.455063"/>
</kw>
<kw name="Click Element" owner="AppiumLibrary">
<msg time="2025-07-31T16:55:18.710555" level="INFO">Clicking element 'android=new UiSelector().className("android.widget.EditText").instance(1)'.</msg>
<arg>${PASSWORDS}</arg>
<doc>Click element identified by `locator`.</doc>
<status status="PASS" start="2025-07-31T16:55:18.702244" elapsed="0.315859"/>
</kw>
<kw name="Input Password" owner="AppiumLibrary">
<msg time="2025-07-31T16:55:19.029062" level="INFO">Typing password into text field 'android=new UiSelector().className("android.widget.EditText").instance(1)'</msg>
<arg>${PASSWORDS}</arg>
<arg>m38rmF$</arg>
<doc>Types the given password into text field identified by `locator`.</doc>
<status status="PASS" start="2025-07-31T16:55:19.018103" elapsed="1.504638"/>
</kw>
<status status="PASS" start="2025-07-31T16:55:17.246186" elapsed="3.277584"/>
</kw>
<kw name="Log In" owner="common">
<kw name="Wait Until Element Is Visible" owner="AppiumLibrary">
<arg>${LOGIN_BTN}</arg>
<arg>5</arg>
<doc>Waits until element specified with `locator` is visible.</doc>
<status status="PASS" start="2025-07-31T16:55:20.524754" elapsed="0.624461"/>
</kw>
<kw name="Click Element" owner="AppiumLibrary">
<msg time="2025-07-31T16:55:21.153766" level="INFO">Clicking element 'android=new UiSelector().description("Se connecter")'.</msg>
<arg>${LOGIN_BTN}</arg>
<doc>Click element identified by `locator`.</doc>
<status status="PASS" start="2025-07-31T16:55:21.149215" elapsed="1.524416"/>
</kw>
<kw name="Wait Until Page Contains Element" owner="AppiumLibrary">
<msg time="2025-07-31T16:55:24.490222" level="INFO">xpath criteria: //android.widget.FrameLayout[@resource-id="android:id/content"]/android.widget.FrameLayout/android.view.View/android.view.View/android.view.View/android.view.View/android.view.View[1]</msg>
<arg>${PAGE_FORM}</arg>
<doc>Waits until element specified with `locator` appears on current page.</doc>
<status status="PASS" start="2025-07-31T16:55:22.673631" elapsed="1.816591"/>
</kw>
<status status="PASS" start="2025-07-31T16:55:20.523770" elapsed="3.967723"/>
</kw>
<kw name="Sleep" owner="BuiltIn">
<msg time="2025-07-31T16:55:27.493149" level="INFO">Slept 3 seconds.</msg>
<arg>3s</arg>
<doc>Pauses the test executed for the given time.</doc>
<status status="PASS" start="2025-07-31T16:55:24.492482" elapsed="3.000667"/>
</kw>
<kw name="Add New Product" owner="common">
<kw name="Wait Until Page Contains Element" owner="AppiumLibrary">
<arg>${FORM_TITLES}</arg>
<arg>10s</arg>
<doc>Waits until element specified with `locator` appears on current page.</doc>
<status status="PASS" start="2025-07-31T16:55:27.494161" elapsed="0.044056"/>
</kw>
<kw name="Click Element" owner="AppiumLibrary">
<msg time="2025-07-31T16:55:27.542357" level="INFO">Clicking element 'android=new UiSelector().className("android.widget.EditText").instance(0)'.</msg>
<arg>${FORM_TITLES}</arg>
<doc>Click element identified by `locator`.</doc>
<status status="PASS" start="2025-07-31T16:55:27.538871" elapsed="0.137642"/>
</kw>
<kw name="Input Text" owner="AppiumLibrary">
<msg time="2025-07-31T16:55:27.681943" level="INFO">Typing text 'Maffe' into text field 'android=new UiSelector().className("android.widget.EditText").instance(0)'</msg>
<arg>${FORM_TITLES}</arg>
<arg>Maffe</arg>
<doc>Types the given `text` into text field identified by `locator`.</doc>
<status status="PASS" start="2025-07-31T16:55:27.677530" elapsed="1.305500"/>
</kw>
<kw name="Sleep" owner="BuiltIn">
<msg time="2025-07-31T16:55:29.984601" level="INFO">Slept 1 second.</msg>
<arg>1s</arg>
<doc>Pauses the test executed for the given time.</doc>
<status status="PASS" start="2025-07-31T16:55:28.984009" elapsed="1.001122"/>
</kw>
<kw name="Click Element" owner="AppiumLibrary">
<msg time="2025-07-31T16:55:29.993343" level="INFO">Clicking element 'android=new UiSelector().className("android.widget.EditText").instance(1)'.</msg>
<arg>${FORM_PRICES}</arg>
<doc>Click element identified by `locator`.</doc>
<status status="PASS" start="2025-07-31T16:55:29.985131" elapsed="0.243676"/>
</kw>
<kw name="Input Text" owner="AppiumLibrary">
<msg time="2025-07-31T16:55:30.232876" level="INFO">Typing text '1000' into text field 'android=new UiSelector().className("android.widget.EditText").instance(1)'</msg>
<arg>${FORM_PRICES}</arg>
<arg>1000</arg>
<doc>Types the given `text` into text field identified by `locator`.</doc>
<status status="PASS" start="2025-07-31T16:55:30.229787" elapsed="0.856606"/>
</kw>
<kw name="Sleep" owner="BuiltIn">
<msg time="2025-07-31T16:55:32.089009" level="INFO">Slept 1 second.</msg>
<arg>1s</arg>
<doc>Pauses the test executed for the given time.</doc>
<status status="PASS" start="2025-07-31T16:55:31.088342" elapsed="1.000667"/>
</kw>
<kw name="Click Element" owner="AppiumLibrary">
<msg time="2025-07-31T16:55:32.094728" level="INFO">Clicking element 'android=new UiSelector().className("android.widget.EditText").instance(2)'.</msg>
<arg>${FORM_DESCRIPTIONS}</arg>
<doc>Click element identified by `locator`.</doc>
<status status="PASS" start="2025-07-31T16:55:32.089788" elapsed="0.967637"/>
</kw>
<kw name="Input Text" owner="AppiumLibrary">
<msg time="2025-07-31T16:55:33.060455" level="INFO">Typing text 'Le Maffe est un plat traditionnel sénégalais.' into text field 'android=new UiSelector().className("android.widget.EditText").instance(2)'</msg>
<arg>${FORM_DESCRIPTIONS}</arg>
<arg>Le Maffe est un plat traditionnel sénégalais.</arg>
<doc>Types the given `text` into text field identified by `locator`.</doc>
<status status="PASS" start="2025-07-31T16:55:33.057425" elapsed="0.090565"/>
</kw>
<kw name="Sleep" owner="BuiltIn">
<msg time="2025-07-31T16:55:34.149371" level="INFO">Slept 1 second.</msg>
<arg>1s</arg>
<doc>Pauses the test executed for the given time.</doc>
<status status="PASS" start="2025-07-31T16:55:33.147990" elapsed="1.001381"/>
</kw>
<kw name="Click Element" owner="AppiumLibrary">
<msg time="2025-07-31T16:55:34.153923" level="INFO">Clicking element 'android=new UiSelector().className("android.widget.EditText").instance(3)'.</msg>
<arg>${FORM_CATEGORIES}</arg>
<doc>Click element identified by `locator`.</doc>
<status status="PASS" start="2025-07-31T16:55:34.149371" elapsed="1.040214"/>
</kw>
<kw name="Input Text" owner="AppiumLibrary">
<msg time="2025-07-31T16:55:35.193160" level="INFO">Typing text 'Viandes' into text field 'android=new UiSelector().className("android.widget.EditText").instance(3)'</msg>
<arg>${FORM_CATEGORIES}</arg>
<arg>Viandes</arg>
<doc>Types the given `text` into text field identified by `locator`.</doc>
<status status="PASS" start="2025-07-31T16:55:35.191143" elapsed="0.090336"/>
</kw>
<kw name="Sleep" owner="BuiltIn">
<msg time="2025-07-31T16:55:36.282167" level="INFO">Slept 1 second.</msg>
<arg>1s</arg>
<doc>Pauses the test executed for the given time.</doc>
<status status="PASS" start="2025-07-31T16:55:35.281479" elapsed="1.000688"/>
</kw>
<kw name="Click Element" owner="AppiumLibrary">
<msg time="2025-07-31T16:55:36.285228" level="INFO">Clicking element 'android=new UiSelector().className("android.widget.EditText").instance(4)'.</msg>
<arg>${FROM_URLS}</arg>
<doc>Click element identified by `locator`.</doc>
<status status="PASS" start="2025-07-31T16:55:36.282167" elapsed="1.096875"/>
</kw>
<kw name="Input Text" owner="AppiumLibrary">
<msg time="2025-07-31T16:55:37.385720" level="INFO">Typing text 'http://example.com/maffe.jpg' into text field 'android=new UiSelector().className("android.widget.EditText").instance(4)'</msg>
<arg>${FROM_URLS}</arg>
<arg>http://example.com/maffe.jpg</arg>
<doc>Types the given `text` into text field identified by `locator`.</doc>
<status status="PASS" start="2025-07-31T16:55:37.379562" elapsed="0.097576"/>
</kw>
<kw name="Sleep" owner="BuiltIn">
<msg time="2025-07-31T16:55:38.478748" level="INFO">Slept 1 second.</msg>
<arg>1s</arg>
<doc>Pauses the test executed for the given time.</doc>
<status status="PASS" start="2025-07-31T16:55:37.478142" elapsed="1.000606"/>
</kw>
<kw name="Click Element" owner="AppiumLibrary">
<msg time="2025-07-31T16:55:38.484850" level="INFO">Clicking element 'android=new UiSelector().description("Ajouter")'.</msg>
<arg>${FORM_BUTTON_ADDS}</arg>
<doc>Click element identified by `locator`.</doc>
<status status="PASS" start="2025-07-31T16:55:38.478748" elapsed="1.707050"/>
</kw>
<kw name="Log To Console" owner="BuiltIn">
<arg>✅ Produit ajouté via formulaire mobile !</arg>
<doc>Logs the given message to the console.</doc>
<status status="PASS" start="2025-07-31T16:55:40.186844" elapsed="0.000959"/>
</kw>
<kw name="Sleep" owner="BuiltIn">
<msg time="2025-07-31T16:55:42.193169" level="INFO">Slept 2 seconds.</msg>
<arg>2s</arg>
<doc>Pauses the test executed for the given time.</doc>
<status status="PASS" start="2025-07-31T16:55:40.191870" elapsed="2.001299"/>
</kw>
<status status="PASS" start="2025-07-31T16:55:27.494161" elapsed="14.699008"/>
</kw>
<kw name="Sleep" owner="BuiltIn">
<msg time="2025-07-31T16:55:45.193775" level="INFO">Slept 3 seconds.</msg>
<arg>3s</arg>
<doc>Pauses the test executed for the given time.</doc>
<status status="PASS" start="2025-07-31T16:55:42.193169" elapsed="3.000606"/>
</kw>
<tag>"init"</tag>
<status status="PASS" start="2025-07-31T16:55:15.108194" elapsed="30.086611"/>
</test>
<test id="s1-t2" name="View Products" line="21">
<kw name="View detail Product" owner="common">
<kw name="Wait Until Page Contains Element" owner="AppiumLibrary">
<arg>${VIEW_PRODUCT}</arg>
<arg>10s</arg>
<doc>Waits until element specified with `locator` appears on current page.</doc>
<status status="PASS" start="2025-07-31T16:55:45.197231" elapsed="0.074501"/>
</kw>
<kw name="Click Element" owner="AppiumLibrary">
<msg time="2025-07-31T16:55:45.278222" level="INFO">Clicking element 'android=new UiSelector().description("Mens Cotton Jacket
55.99 $")'.</msg>
<arg>${VIEW_PRODUCT}</arg>
<doc>Click element identified by `locator`.</doc>
<status status="PASS" start="2025-07-31T16:55:45.271732" elapsed="0.751167"/>
</kw>
<kw name="Log To Console" owner="BuiltIn">
<arg>🧳 Produit cliqué avec succès !</arg>
<doc>Logs the given message to the console.</doc>
<status status="PASS" start="2025-07-31T16:55:46.022899" elapsed="0.001003"/>
</kw>
<kw name="Sleep" owner="BuiltIn">
<msg time="2025-07-31T16:55:48.025210" level="INFO">Slept 2 seconds.</msg>
<arg>2s</arg>
<doc>Pauses the test executed for the given time.</doc>
<status status="PASS" start="2025-07-31T16:55:46.023902" elapsed="2.001308"/>
</kw>
<status status="PASS" start="2025-07-31T16:55:45.197231" elapsed="2.827979"/>
</kw>
<kw name="Sleep" owner="BuiltIn">
<msg time="2025-07-31T16:55:51.025787" level="INFO">Slept 3 seconds.</msg>
<arg>3s</arg>
<doc>Pauses the test executed for the given time.</doc>
<status status="PASS" start="2025-07-31T16:55:48.025210" elapsed="3.000577"/>
</kw>
<status status="PASS" start="2025-07-31T16:55:45.196231" elapsed="5.829556"/>
</test>
<status status="PASS" start="2025-07-31T16:55:07.754013" elapsed="43.272825"/>
</suite>
<statistics>
<total>
<stat pass="2" fail="0" skip="0">All Tests</stat>
</total>
<tag>
<stat pass="1" fail="0" skip="0">"init"</stat>
</tag>
<suite>
<stat name="Mobile" id="s1" pass="2" fail="0" skip="0">Mobile</stat>
</suite>
</statistics>
<errors>
</errors>
</robot>
