<?xml version="1.0" encoding="UTF-8"?>
<robot generator="Robot 7.2.2 (Python 3.12.0 on win32)" generated="2025-07-28T14:45:19.084450" rpa="false" schemaversion="5">
<suite id="s1" name="testcasesF" source="C:\Users\Abdou Fatah Ndiaye\Desktop\QA_TEST\qa_test\Lab2\testcases\testcasesF.robot">
<kw name="Ouvrir le navigateur" owner="commonF" type="SETUP">
<kw name="Open Browser" owner="SeleniumLibrary">
<msg time="2025-07-28T14:45:19.822529" level="INFO">Opening browser 'Edge' to base url 'https://automationplayground.com/crm/'.</msg>
<msg time="2025-07-28T14:45:20.367759" level="WARN">There was an error managing MicrosoftEdge (error sending request for url (https://msedgedriver.azureedge.net/LATEST_RELEASE_138_WINDOWS): error trying to connect: dns error: Hôte inconnu. (os error 11001)); using driver found in the cache</msg>
<arg>${JENKINS_URL}</arg>
<arg>Edge</arg>
<doc>Opens a new browser instance to the optional ``url``.</doc>
<status status="PASS" start="2025-07-28T14:45:19.822529" elapsed="7.382732"/>
</kw>
<kw name="Maximize Browser Window" owner="SeleniumLibrary">
<doc>Maximizes current browser window.</doc>
<status status="PASS" start="2025-07-28T14:45:27.208220" elapsed="0.081623"/>
</kw>
<kw name="Sleep" owner="BuiltIn">
<msg time="2025-07-28T14:45:29.291156" level="INFO">Slept 2 seconds.</msg>
<arg>2</arg>
<doc>Pauses the test executed for the given time.</doc>
<status status="PASS" start="2025-07-28T14:45:27.290813" elapsed="2.000343"/>
</kw>
<status status="PASS" start="2025-07-28T14:45:19.822529" elapsed="9.468627"/>
</kw>
<test id="s1-t1" name="Id 0001 Home page should load" line="11">
<kw name="PRE-CONDITIONS" owner="commonF">
<kw name="Sleep" owner="BuiltIn">
<msg time="2025-07-28T14:45:31.293138" level="INFO">Slept 2 seconds.</msg>
<arg>2</arg>
<doc>Pauses the test executed for the given time.</doc>
<status status="PASS" start="2025-07-28T14:45:29.292671" elapsed="2.000467"/>
</kw>
<kw name="Page Should Contain" owner="SeleniumLibrary">
<msg time="2025-07-28T14:45:31.303873" level="INFO">Current page contains text 'Customers Are Priority One!'.</msg>
<arg>Customers Are Priority One!</arg>
<doc>Verifies that current page contains ``text``.</doc>
<status status="PASS" start="2025-07-28T14:45:31.293138" elapsed="0.010735"/>
</kw>
<kw name="Sleep" owner="BuiltIn">
<msg time="2025-07-28T14:45:33.315229" level="INFO">Slept 2 seconds.</msg>
<arg>2</arg>
<doc>Pauses the test executed for the given time.</doc>
<status status="PASS" start="2025-07-28T14:45:31.303873" elapsed="2.011356"/>
</kw>
<status status="PASS" start="2025-07-28T14:45:29.291156" elapsed="4.026681"/>
</kw>
<status status="PASS" start="2025-07-28T14:45:29.291156" elapsed="4.026681"/>
</test>
<test id="s1-t2" name="Id 0003bis &quot;Remember me&quot; checkbox should persist email address" line="34">
<kw name="1.Click &quot;Login&quot; links" owner="commonF">
<kw name="Click Element" owner="SeleniumLibrary">
<msg time="2025-07-28T14:45:33.326584" level="INFO">Clicking element 'id=SignIn'.</msg>
<arg>id=${BUTTON_SIGN}</arg>
<doc>Click the element identified by ``locator``.</doc>
<status status="PASS" start="2025-07-28T14:45:33.323995" elapsed="0.389977"/>
</kw>
<kw name="Sleep" owner="BuiltIn">
<msg time="2025-07-28T14:45:35.715323" level="INFO">Slept 2 seconds.</msg>
<arg>2</arg>
<doc>Pauses the test executed for the given time.</doc>
<status status="PASS" start="2025-07-28T14:45:33.714971" elapsed="2.000352"/>
</kw>
<status status="PASS" start="2025-07-28T14:45:33.323228" elapsed="2.392095"/>
</kw>
<kw name="2. Type valid login credentials" owner="commonF">
<kw name="Input Text" owner="SeleniumLibrary">
<msg time="2025-07-28T14:45:35.715323" level="INFO">Typing text 'admin@robotframeworktutorial.com' into text field 'id=email-id'.</msg>
<arg>id=email-id</arg>
<arg>${USERNAME}</arg>
<doc>Types the given ``text`` into the text field identified by ``locator``.</doc>
<status status="PASS" start="2025-07-28T14:45:35.715323" elapsed="0.184784"/>
</kw>
<kw name="Input Password" owner="SeleniumLibrary">
<msg time="2025-07-28T14:45:35.900967" level="INFO">Typing password into text field 'id=password'.</msg>
<msg time="2025-07-28T14:45:35.951168" level="INFO">Temporally setting log level to: NONE</msg>
<arg>id=password</arg>
<arg>${PASSWORD}</arg>
<doc>Types the given password into the text field identified by ``locator``.</doc>
<status status="PASS" start="2025-07-28T14:45:35.900603" elapsed="0.115610"/>
</kw>
<kw name="Sleep" owner="BuiltIn">
<msg time="2025-07-28T14:45:37.016537" level="INFO">Slept 1 second.</msg>
<arg>1</arg>
<doc>Pauses the test executed for the given time.</doc>
<status status="PASS" start="2025-07-28T14:45:36.016213" elapsed="1.000324"/>
</kw>
<status status="PASS" start="2025-07-28T14:45:35.715323" elapsed="1.301214"/>
</kw>
<kw name="3. Click &quot;Remember me&quot; checkbox" owner="commonF">
<kw name="Click Element" owner="SeleniumLibrary">
<msg time="2025-07-28T14:45:37.016537" level="INFO">Clicking element 'id=remember'.</msg>
<arg>id=remember</arg>
<doc>Click the element identified by ``locator``.</doc>
<status status="PASS" start="2025-07-28T14:45:37.016537" elapsed="0.089566"/>
</kw>
<kw name="Sleep" owner="BuiltIn">
<msg time="2025-07-28T14:45:38.109056" level="INFO">Slept 1 second.</msg>
<arg>1</arg>
<doc>Pauses the test executed for the given time.</doc>
<status status="PASS" start="2025-07-28T14:45:37.106103" elapsed="1.002953"/>
</kw>
<status status="PASS" start="2025-07-28T14:45:37.016537" elapsed="1.092519"/>
</kw>
<kw name="4. Click &quot;Submit&quot; button" owner="commonF">
<kw name="Click Button" owner="SeleniumLibrary">
<msg time="2025-07-28T14:45:38.109056" level="INFO">Clicking button 'name=submit-name'.</msg>
<arg>name=submit-name</arg>
<doc>Clicks the button identified by ``locator``.</doc>
<status status="PASS" start="2025-07-28T14:45:38.109056" elapsed="0.854133"/>
</kw>
<kw name="Sleep" owner="BuiltIn">
<msg time="2025-07-28T14:45:40.963306" level="INFO">Slept 2 seconds.</msg>
<arg>2</arg>
<doc>Pauses the test executed for the given time.</doc>
<status status="PASS" start="2025-07-28T14:45:38.963189" elapsed="2.000117"/>
</kw>
<status status="PASS" start="2025-07-28T14:45:38.109056" elapsed="2.854250"/>
</kw>
<kw name="5. Click &quot;Logout&quot; link" owner="commonF">
<kw name="Click Element" owner="SeleniumLibrary">
<msg time="2025-07-28T14:45:40.963306" level="INFO">Clicking element 'xpath=/html/body/nav/ul/li/a'.</msg>
<arg>xpath=/html/body/nav/ul/li/a</arg>
<doc>Click the element identified by ``locator``.</doc>
<status status="PASS" start="2025-07-28T14:45:40.963306" elapsed="0.325746"/>
</kw>
<kw name="Page Should Contain" owner="SeleniumLibrary">
<msg time="2025-07-28T14:45:41.320162" level="INFO">Current page contains text 'Thank you for using the CRM. See you next time!'.</msg>
<arg>Thank you for using the CRM. See you next time!</arg>
<doc>Verifies that current page contains ``text``.</doc>
<status status="PASS" start="2025-07-28T14:45:41.290349" elapsed="0.029813"/>
</kw>
<kw name="Sleep" owner="BuiltIn">
<msg time="2025-07-28T14:45:43.320508" level="INFO">Slept 2 seconds.</msg>
<arg>2</arg>
<doc>Pauses the test executed for the given time.</doc>
<status status="PASS" start="2025-07-28T14:45:41.320162" elapsed="2.000346"/>
</kw>
<status status="PASS" start="2025-07-28T14:45:40.963306" elapsed="2.357202"/>
</kw>
<kw name="6. Click &quot;Login&quot; link again" owner="commonF">
<kw name="Click Element" owner="SeleniumLibrary">
<msg time="2025-07-28T14:45:43.320508" level="INFO">Clicking element 'xpath=/html/body/nav/ul/li/a'.</msg>
<arg>xpath=/html/body/nav/ul/li/a</arg>
<doc>Click the element identified by ``locator``.</doc>
<status status="PASS" start="2025-07-28T14:45:43.320508" elapsed="0.205886"/>
</kw>
<kw name="Sleep" owner="BuiltIn">
<msg time="2025-07-28T14:45:45.527807" level="INFO">Slept 2 seconds.</msg>
<arg>2</arg>
<doc>Pauses the test executed for the given time.</doc>
<status status="PASS" start="2025-07-28T14:45:43.527396" elapsed="2.000961"/>
</kw>
<status status="PASS" start="2025-07-28T14:45:43.320508" elapsed="2.208500"/>
</kw>
<status status="PASS" start="2025-07-28T14:45:33.319853" elapsed="12.210124"/>
</test>
<kw name="Close Browser" owner="SeleniumLibrary" type="TEARDOWN">
<doc>Closes the current browser.</doc>
<status status="PASS" start="2025-07-28T14:45:45.534668" elapsed="2.452006"/>
</kw>
<status status="PASS" start="2025-07-28T14:45:19.090635" elapsed="28.896039"/>
</suite>
<statistics>
<total>
<stat pass="2" fail="0" skip="0">All Tests</stat>
</total>
<tag>
</tag>
<suite>
<stat name="testcasesF" id="s1" pass="2" fail="0" skip="0">testcasesF</stat>
</suite>
</statistics>
<errors>
<msg time="2025-07-28T14:45:20.367759" level="WARN">There was an error managing MicrosoftEdge (error sending request for url (https://msedgedriver.azureedge.net/LATEST_RELEASE_138_WINDOWS): error trying to connect: dns error: Hôte inconnu. (os error 11001)); using driver found in the cache</msg>
</errors>
</robot>
