<?xml version="1.0" encoding="UTF-8"?>
<robot generator="Robot 7.2.2 (Python 3.12.0 on win32)" generated="2025-06-27T20:34:38.977468" rpa="false" schemaversion="5">
<suite id="s1" name="Fakestore Api Tests" source="C:\Users\Abdou Fatah Ndiaye\Desktop\QA_TEST\customer-service\testcases\fakestore_api_tests.robot">
<kw name="Ouvrir le navigateur" owner="fakestore_keywords" type="SETUP">
<kw name="Open Browser" owner="SeleniumLibrary">
<msg time="2025-06-27T20:34:39.861193" level="INFO">Opening browser 'Edge' to base url 'https://automationplayground.com/crm/'.</msg>
<arg>${JENKINS_URL}</arg>
<arg>Edge</arg>
<doc>Opens a new browser instance to the optional ``url``.</doc>
<status status="PASS" start="2025-06-27T20:34:39.861193" elapsed="5.829951"/>
</kw>
<status status="PASS" start="2025-06-27T20:34:39.861193" elapsed="5.829951"/>
</kw>
<test id="s1-t1" name="Home page should load" line="11">
<kw name="PRE-CONDITIONS" owner="fakestore_keywords">
<kw name="Sleep" owner="BuiltIn">
<msg time="2025-06-27T20:34:47.692548" level="INFO">Slept 2 seconds.</msg>
<arg>2</arg>
<doc>Pauses the test executed for the given time.</doc>
<status status="PASS" start="2025-06-27T20:34:45.692141" elapsed="2.000407"/>
</kw>
<kw name="Page Should Contain" owner="SeleniumLibrary">
<msg time="2025-06-27T20:34:47.701533" level="INFO">Current page contains text 'Customers Are Priority One!'.</msg>
<arg>Customers Are Priority One!</arg>
<doc>Verifies that current page contains ``text``.</doc>
<status status="PASS" start="2025-06-27T20:34:47.692548" elapsed="0.008985"/>
</kw>
<kw name="Sleep" owner="BuiltIn">
<msg time="2025-06-27T20:34:49.701888" level="INFO">Slept 2 seconds.</msg>
<arg>2</arg>
<doc>Pauses the test executed for the given time.</doc>
<status status="PASS" start="2025-06-27T20:34:47.701533" elapsed="2.000355"/>
</kw>
<status status="PASS" start="2025-06-27T20:34:45.692141" elapsed="4.009747"/>
</kw>
<kw name="Click &quot;Login&quot; link" owner="fakestore_keywords">
<kw name="Click Element" owner="SeleniumLibrary">
<msg time="2025-06-27T20:34:49.701888" level="INFO">Clicking element 'id=SignIn'.</msg>
<arg>id=SignIn</arg>
<doc>Click the element identified by ``locator``.</doc>
<status status="PASS" start="2025-06-27T20:34:49.701888" elapsed="0.460156"/>
</kw>
<kw name="Sleep" owner="BuiltIn">
<msg time="2025-06-27T20:34:52.164497" level="INFO">Slept 2 seconds.</msg>
<arg>2</arg>
<doc>Pauses the test executed for the given time.</doc>
<status status="PASS" start="2025-06-27T20:34:50.163241" elapsed="2.001256"/>
</kw>
<status status="PASS" start="2025-06-27T20:34:49.701888" elapsed="2.463958"/>
</kw>
<kw name="Type valid login credentials" owner="fakestore_keywords">
<kw name="Input Text" owner="SeleniumLibrary">
<msg time="2025-06-27T20:34:52.165846" level="INFO">Typing text 'admin@robotframeworktutorial.com' into text field 'id=email-id'.</msg>
<arg>id=email-id</arg>
<arg>${USERNAME}</arg>
<doc>Types the given ``text`` into the text field identified by ``locator``.</doc>
<status status="PASS" start="2025-06-27T20:34:52.165846" elapsed="0.165571"/>
</kw>
<kw name="Input Password" owner="SeleniumLibrary">
<msg time="2025-06-27T20:34:52.331417" level="INFO">Typing password into text field 'id=password'.</msg>
<msg time="2025-06-27T20:34:52.391052" level="INFO">Temporally setting log level to: NONE</msg>
<arg>id=password</arg>
<arg>${PASSWORD}</arg>
<doc>Types the given password into the text field identified by ``locator``.</doc>
<status status="PASS" start="2025-06-27T20:34:52.331417" elapsed="0.119929"/>
</kw>
<kw name="Sleep" owner="BuiltIn">
<msg time="2025-06-27T20:34:54.451898" level="INFO">Slept 2 seconds.</msg>
<arg>2</arg>
<doc>Pauses the test executed for the given time.</doc>
<status status="PASS" start="2025-06-27T20:34:52.451346" elapsed="2.000552"/>
</kw>
<status status="PASS" start="2025-06-27T20:34:52.165846" elapsed="2.286052"/>
</kw>
<kw name="Click &quot;Submit&quot; button" owner="fakestore_keywords">
<kw name="Click Button" owner="SeleniumLibrary">
<msg time="2025-06-27T20:34:54.451898" level="INFO">Clicking button 'name=submit-name'.</msg>
<arg>name=submit-name</arg>
<doc>Clicks the button identified by ``locator``.</doc>
<status status="PASS" start="2025-06-27T20:34:54.451898" elapsed="1.289160"/>
</kw>
<kw name="Sleep" owner="BuiltIn">
<msg time="2025-06-27T20:34:57.745778" level="INFO">Slept 2 seconds.</msg>
<arg>2</arg>
<doc>Pauses the test executed for the given time.</doc>
<status status="PASS" start="2025-06-27T20:34:55.741058" elapsed="2.004720"/>
</kw>
<status status="PASS" start="2025-06-27T20:34:54.451898" elapsed="3.293880"/>
</kw>
<kw name="Click &quot;New Customer&quot; button" owner="fakestore_keywords">
<kw name="Click Element" owner="SeleniumLibrary">
<msg time="2025-06-27T20:34:57.745778" level="INFO">Clicking element 'id=new-customer'.</msg>
<arg>id=new-customer</arg>
<doc>Click the element identified by ``locator``.</doc>
<status status="PASS" start="2025-06-27T20:34:57.745778" elapsed="0.790008"/>
</kw>
<kw name="Page Should Contain" owner="SeleniumLibrary">
<msg time="2025-06-27T20:34:58.558604" level="INFO">Current page contains text 'Add Customer'.</msg>
<arg>Add Customer</arg>
<doc>Verifies that current page contains ``text``.</doc>
<status status="PASS" start="2025-06-27T20:34:58.536993" elapsed="0.021611"/>
</kw>
<kw name="Sleep" owner="BuiltIn">
<msg time="2025-06-27T20:35:00.559787" level="INFO">Slept 2 seconds.</msg>
<arg>2</arg>
<doc>Pauses the test executed for the given time.</doc>
<status status="PASS" start="2025-06-27T20:34:58.558604" elapsed="2.001183"/>
</kw>
<status status="PASS" start="2025-06-27T20:34:57.745778" elapsed="2.814009"/>
</kw>
<kw name="Type customer email" owner="fakestore_keywords">
<kw name="Input Text" owner="SeleniumLibrary">
<msg time="2025-06-27T20:35:00.559787" level="INFO">Typing text 'fatahndiaye234@gmail.com' into text field 'id=EmailAddress'.</msg>
<arg>id=EmailAddress</arg>
<arg>fatahndiaye234@gmail.com</arg>
<doc>Types the given ``text`` into the text field identified by ``locator``.</doc>
<status status="PASS" start="2025-06-27T20:35:00.559787" elapsed="0.140442"/>
</kw>
<kw name="Sleep" owner="BuiltIn">
<msg time="2025-06-27T20:35:01.700888" level="INFO">Slept 1 second.</msg>
<arg>1</arg>
<doc>Pauses the test executed for the given time.</doc>
<status status="PASS" start="2025-06-27T20:35:00.700229" elapsed="1.000659"/>
</kw>
<status status="PASS" start="2025-06-27T20:35:00.559787" elapsed="1.141101"/>
</kw>
<kw name="Type customer first name" owner="fakestore_keywords">
<kw name="Input Text" owner="SeleniumLibrary">
<msg time="2025-06-27T20:35:01.700888" level="INFO">Typing text 'Abdou' into text field 'id=FirstName'.</msg>
<arg>id=FirstName</arg>
<arg>Abdou</arg>
<doc>Types the given ``text`` into the text field identified by ``locator``.</doc>
<status status="PASS" start="2025-06-27T20:35:01.700888" elapsed="0.107838"/>
</kw>
<kw name="Sleep" owner="BuiltIn">
<msg time="2025-06-27T20:35:02.809105" level="INFO">Slept 1 second.</msg>
<arg>1</arg>
<doc>Pauses the test executed for the given time.</doc>
<status status="PASS" start="2025-06-27T20:35:01.808726" elapsed="1.000379"/>
</kw>
<status status="PASS" start="2025-06-27T20:35:01.700888" elapsed="1.109287"/>
</kw>
<kw name="Type customer last name" owner="fakestore_keywords">
<kw name="Input Text" owner="SeleniumLibrary">
<msg time="2025-06-27T20:35:02.810175" level="INFO">Typing text 'Ndiaye' into text field 'id=LastName'.</msg>
<arg>id=LastName</arg>
<arg>Ndiaye</arg>
<doc>Types the given ``text`` into the text field identified by ``locator``.</doc>
<status status="PASS" start="2025-06-27T20:35:02.810175" elapsed="0.114161"/>
</kw>
<kw name="Sleep" owner="BuiltIn">
<msg time="2025-06-27T20:35:03.925778" level="INFO">Slept 1 second.</msg>
<arg>1</arg>
<doc>Pauses the test executed for the given time.</doc>
<status status="PASS" start="2025-06-27T20:35:02.924336" elapsed="1.001442"/>
</kw>
<status status="PASS" start="2025-06-27T20:35:02.810175" elapsed="1.116684"/>
</kw>
<kw name="Type customer city" owner="fakestore_keywords">
<kw name="Input Text" owner="SeleniumLibrary">
<msg time="2025-06-27T20:35:03.930869" level="INFO">Typing text 'New York' into text field 'id=City'.</msg>
<arg>id=City</arg>
<arg>New York</arg>
<doc>Types the given ``text`` into the text field identified by ``locator``.</doc>
<status status="PASS" start="2025-06-27T20:35:03.929873" elapsed="0.249672"/>
</kw>
<kw name="Sleep" owner="BuiltIn">
<msg time="2025-06-27T20:35:05.180344" level="INFO">Slept 1 second.</msg>
<arg>1</arg>
<doc>Pauses the test executed for the given time.</doc>
<status status="PASS" start="2025-06-27T20:35:04.179545" elapsed="1.000799"/>
</kw>
<status status="PASS" start="2025-06-27T20:35:03.928810" elapsed="1.251534"/>
</kw>
<kw name="Select customer state" owner="fakestore_keywords">
<kw name="Select From List By Value" owner="SeleniumLibrary">
<msg time="2025-06-27T20:35:05.180344" level="INFO">Selecting options from selection list 'id=StateOrRegion' by value AL.</msg>
<arg>id=StateOrRegion</arg>
<arg>AL</arg>
<doc>Selects options from selection list ``locator`` by ``values``.</doc>
<status status="PASS" start="2025-06-27T20:35:05.180344" elapsed="0.109723"/>
</kw>
<kw name="Sleep" owner="BuiltIn">
<msg time="2025-06-27T20:35:06.290461" level="INFO">Slept 1 second.</msg>
<arg>1</arg>
<doc>Pauses the test executed for the given time.</doc>
<status status="PASS" start="2025-06-27T20:35:05.290067" elapsed="1.000394"/>
</kw>
<status status="PASS" start="2025-06-27T20:35:05.180344" elapsed="1.110117"/>
</kw>
<kw name="Select gender" owner="fakestore_keywords">
<kw name="Click Element" owner="SeleniumLibrary">
<msg time="2025-06-27T20:35:06.293718" level="INFO">Clicking element '//*[@id="loginform"]/div/div/div/div/form/div[6]/input[1]'.</msg>
<arg>//*[@id="loginform"]/div/div/div/div/form/div[6]/input[1]</arg>
<doc>Click the element identified by ``locator``.</doc>
<status status="PASS" start="2025-06-27T20:35:06.293718" elapsed="0.086534"/>
</kw>
<kw name="Sleep" owner="BuiltIn">
<msg time="2025-06-27T20:35:07.380910" level="INFO">Slept 1 second.</msg>
<arg>1</arg>
<doc>Pauses the test executed for the given time.</doc>
<status status="PASS" start="2025-06-27T20:35:06.380252" elapsed="1.000658"/>
</kw>
<status status="PASS" start="2025-06-27T20:35:06.290461" elapsed="1.090449"/>
</kw>
<kw name="Optionally check promotion checkbox" owner="fakestore_keywords">
<kw name="Click Element" owner="SeleniumLibrary">
<msg time="2025-06-27T20:35:07.380910" level="INFO">Clicking element 'name=promos-name'.</msg>
<arg>name=promos-name</arg>
<doc>Click the element identified by ``locator``.</doc>
<status status="PASS" start="2025-06-27T20:35:07.380910" elapsed="0.081290"/>
</kw>
<kw name="Sleep" owner="BuiltIn">
<msg time="2025-06-27T20:35:08.463069" level="INFO">Slept 1 second.</msg>
<arg>1</arg>
<doc>Pauses the test executed for the given time.</doc>
<status status="PASS" start="2025-06-27T20:35:07.462200" elapsed="1.000869"/>
</kw>
<status status="PASS" start="2025-06-27T20:35:07.380910" elapsed="1.082159"/>
</kw>
<kw name="Clique &quot;Submit&quot; button" owner="fakestore_keywords">
<kw name="Click Button" owner="SeleniumLibrary">
<msg time="2025-06-27T20:35:08.463069" level="INFO">Clicking button '//*[@id="loginform"]/div/div/div/div/form/button'.</msg>
<arg>//*[@id="loginform"]/div/div/div/div/form/button</arg>
<doc>Clicks the button identified by ``locator``.</doc>
<status status="PASS" start="2025-06-27T20:35:08.463069" elapsed="0.458629"/>
</kw>
<kw name="Sleep" owner="BuiltIn">
<msg time="2025-06-27T20:35:10.923512" level="INFO">Slept 2 seconds.</msg>
<arg>2</arg>
<doc>Pauses the test executed for the given time.</doc>
<status status="PASS" start="2025-06-27T20:35:08.922734" elapsed="2.000778"/>
</kw>
<kw name="Close Browser" owner="SeleniumLibrary">
<doc>Closes the current browser.</doc>
<status status="PASS" start="2025-06-27T20:35:10.923512" elapsed="2.341616"/>
</kw>
<status status="PASS" start="2025-06-27T20:35:08.463069" elapsed="4.802059"/>
</kw>
<status status="PASS" start="2025-06-27T20:34:45.691144" elapsed="27.573984"/>
</test>
<status status="PASS" start="2025-06-27T20:34:38.980463" elapsed="34.284665"/>
</suite>
<statistics>
<total>
<stat pass="1" fail="0" skip="0">All Tests</stat>
</total>
<tag>
</tag>
<suite>
<stat name="Fakestore Api Tests" id="s1" pass="1" fail="0" skip="0">Fakestore Api Tests</stat>
</suite>
</statistics>
<errors>
</errors>
</robot>
